activitystack/build/outputs/logs/manifest-merger-debug-report.txt
-- Merging decision tree log ---
manifest
ADDED from src/main/AndroidManifest.xml:2:1-40:12
	package
		ADDED from src/main/AndroidManifest.xml:3:5-31
		INJECTED from src/main/AndroidManifest.xml
		INJECTED from src/main/AndroidManifest.xml
	android:versionName
		INJECTED from src/main/AndroidManifest.xml
		INJECTED from src/main/AndroidManifest.xml
	xmlns:android
		ADDED from src/main/AndroidManifest.xml:2:11-69
	android:versionCode
		INJECTED from src/main/AndroidManifest.xml
		INJECTED from src/main/AndroidManifest.xml
application
ADDED from src/main/AndroidManifest.xml:5:5-38:19
MERGED from [com.android.support:appcompat-v7:24.0.0] AndroidManifest.xml:25:5-20
MERGED from [com.android.support:support-v4:24.0.0] AndroidManifest.xml:25:5-20
MERGED from [com.android.support:support-vector-drawable:24.0.0] AndroidManifest.xml:23:5-20
MERGED from [com.android.support:animated-vector-drawable:24.0.0] AndroidManifest.xml:22:5-20
	android:label
		ADDED from src/main/AndroidManifest.xml:8:9-41
	android:supportsRtl
		ADDED from src/main/AndroidManifest.xml:9:9-35
	android:allowBackup
		ADDED from src/main/AndroidManifest.xml:6:9-35
	android:icon
		ADDED from src/main/AndroidManifest.xml:7:9-43
	android:theme
		ADDED from src/main/AndroidManifest.xml:10:9-40
activity#com.android.task.MainActivity
ADDED from src/main/AndroidManifest.xml:11:9-17:20
	android:name
		ADDED from src/main/AndroidManifest.xml:11:19-47
intent-filter#android.intent.action.MAIN+android.intent.category.LAUNCHER
ADDED from src/main/AndroidManifest.xml:12:13-16:29
action#android.intent.action.MAIN
ADDED from src/main/AndroidManifest.xml:13:17-69
	android:name
		ADDED from src/main/AndroidManifest.xml:13:25-66
category#android.intent.category.LAUNCHER
ADDED from src/main/AndroidManifest.xml:15:17-77
	android:name
		ADDED from src/main/AndroidManifest.xml:15:27-74
activity#com.android.task.SubActivity_LauncherMode
ADDED from src/main/AndroidManifest.xml:18:9-62
	android:name
		ADDED from src/main/AndroidManifest.xml:18:19-59
activity#com.android.task.SubActivity_Intent_Flag
ADDED from src/main/AndroidManifest.xml:19:9-61
	android:name
		ADDED from src/main/AndroidManifest.xml:19:19-58
activity#com.android.task.SubActivity_LauncherMode$SubActivity_Standard
ADDED from src/main/AndroidManifest.xml:20:9-83
	android:name
		ADDED from src/main/AndroidManifest.xml:20:19-80
activity#com.android.task.SubActivity_LauncherMode$SubActivity_SingleInstance
ADDED from src/main/AndroidManifest.xml:21:9-23:51
	android:launchMode
		ADDED from src/main/AndroidManifest.xml:23:13-48
	android:name
		ADDED from src/main/AndroidManifest.xml:22:13-80
activity#com.android.task.SubActivity_LauncherMode$SubActivity_SingleTop
ADDED from src/main/AndroidManifest.xml:24:9-26:46
	android:launchMode
		ADDED from src/main/AndroidManifest.xml:26:13-43
	android:name
		ADDED from src/main/AndroidManifest.xml:25:13-75
activity#com.android.task.SubActivity_LauncherMode$SubActivity_SingleTask
ADDED from src/main/AndroidManifest.xml:27:9-29:47
	android:launchMode
		ADDED from src/main/AndroidManifest.xml:29:13-44
	android:name
		ADDED from src/main/AndroidManifest.xml:28:13-76
activity#com.android.task.SubActivity_LauncherMode$SubActivity_NewInProcess
ADDED from src/main/AndroidManifest.xml:30:9-32:46
	android:process
		ADDED from src/main/AndroidManifest.xml:32:13-43
	android:name
		ADDED from src/main/AndroidManifest.xml:31:13-78
service#com.android.task.MyService
ADDED from src/main/AndroidManifest.xml:34:9-37:47
	android:enabled
		ADDED from src/main/AndroidManifest.xml:36:13-35
	android:exported
		ADDED from src/main/AndroidManifest.xml:37:13-36
	android:name
		ADDED from src/main/AndroidManifest.xml:35:13-38
uses-sdk
INJECTED from src/main/AndroidManifest.xml reason: use-sdk injection requested
MERGED from [com.android.support:appcompat-v7:24.0.0] AndroidManifest.xml:21:5-23:78
MERGED from [com.android.support:support-v4:24.0.0] AndroidManifest.xml:21:5-23:54
MERGED from [com.android.support:support-vector-drawable:24.0.0] AndroidManifest.xml:21:5-43
MERGED from [com.android.support:animated-vector-drawable:24.0.0] AndroidManifest.xml:20:5-44
MERGED from [com.jakewharton:butterknife:8.0.1] AndroidManifest.xml:5:5-43
	tools:overrideLibrary
		ADDED from [com.android.support:appcompat-v7:24.0.0] AndroidManifest.xml:23:9-75
	android:targetSdkVersion
		INJECTED from src/main/AndroidManifest.xml
		INJECTED from src/main/AndroidManifest.xml
	android:minSdkVersion
		INJECTED from src/main/AndroidManifest.xml
		INJECTED from src/main/AndroidManifest.xml